<?xml version="1.0" encoding="UTF-8" ?>
<testsuite tests="5" failures="0" name="com.zetcode.Board_ESTest" time="0.077" errors="0" skipped="0">
  <properties>
[...]
</properties>
  <testcase classname="com.zetcode.Board_ESTest" name="test3" time="0.031"/>
  <testcase classname="com.zetcode.Board_ESTest" name="test2" time="0"/>
  <testcase classname="com.zetcode.Board_ESTest" name="test4" time="0.046"/>
  <testcase classname="com.zetcode.Board_ESTest" name="test1" time="0"/>
  <testcase classname="com.zetcode.Board_ESTest" name="test0" time="0"/>
</testsuite>